2016-11-16 15:56:42 - PHP Warning:  imagecreatetruecolor() expects parameter 1 to be long, string given in C:\xampp\htdocs\shop368\system\library\image.php on line 105
2016-11-16 15:56:42 - PHP Warning:  imagecolorallocate() expects parameter 1 to be resource, null given in C:\xampp\htdocs\shop368\system\library\image.php on line 113
2016-11-16 15:56:42 - PHP Warning:  imagefilledrectangle() expects parameter 1 to be resource, null given in C:\xampp\htdocs\shop368\system\library\image.php on line 116
2016-11-16 15:56:42 - PHP Warning:  imagecopyresampled() expects parameter 1 to be resource, null given in C:\xampp\htdocs\shop368\system\library\image.php on line 118
2016-11-16 15:56:42 - PHP Warning:  imagecreatetruecolor() expects parameter 1 to be long, string given in C:\xampp\htdocs\shop368\system\library\image.php on line 105
2016-11-16 15:56:42 - PHP Warning:  imagecolorallocate() expects parameter 1 to be resource, null given in C:\xampp\htdocs\shop368\system\library\image.php on line 113
2016-11-16 15:56:42 - PHP Warning:  imagefilledrectangle() expects parameter 1 to be resource, null given in C:\xampp\htdocs\shop368\system\library\image.php on line 116
2016-11-16 15:56:42 - PHP Warning:  imagecopyresampled() expects parameter 1 to be resource, null given in C:\xampp\htdocs\shop368\system\library\image.php on line 118
2016-11-16 15:56:42 - PHP Warning:  imagecreatetruecolor() expects parameter 1 to be long, string given in C:\xampp\htdocs\shop368\system\library\image.php on line 105
2016-11-16 15:56:42 - PHP Warning:  imagecolorallocate() expects parameter 1 to be resource, null given in C:\xampp\htdocs\shop368\system\library\image.php on line 113
2016-11-16 15:56:42 - PHP Warning:  imagefilledrectangle() expects parameter 1 to be resource, null given in C:\xampp\htdocs\shop368\system\library\image.php on line 116
2016-11-16 15:56:42 - PHP Warning:  imagecopyresampled() expects parameter 1 to be resource, null given in C:\xampp\htdocs\shop368\system\library\image.php on line 118
2016-11-16 15:56:42 - PHP Warning:  imagecreatetruecolor() expects parameter 1 to be long, string given in C:\xampp\htdocs\shop368\system\library\image.php on line 105
2016-11-16 15:56:42 - PHP Warning:  imagecolorallocate() expects parameter 1 to be resource, null given in C:\xampp\htdocs\shop368\system\library\image.php on line 113
2016-11-16 15:56:42 - PHP Warning:  imagefilledrectangle() expects parameter 1 to be resource, null given in C:\xampp\htdocs\shop368\system\library\image.php on line 116
2016-11-16 15:56:42 - PHP Warning:  imagecopyresampled() expects parameter 1 to be resource, null given in C:\xampp\htdocs\shop368\system\library\image.php on line 118
2016-11-16 15:56:42 - PHP Warning:  imagecreatetruecolor() expects parameter 1 to be long, string given in C:\xampp\htdocs\shop368\system\library\image.php on line 105
2016-11-16 15:56:42 - PHP Warning:  imagecolorallocate() expects parameter 1 to be resource, null given in C:\xampp\htdocs\shop368\system\library\image.php on line 113
2016-11-16 15:56:42 - PHP Warning:  imagefilledrectangle() expects parameter 1 to be resource, null given in C:\xampp\htdocs\shop368\system\library\image.php on line 116
2016-11-16 15:56:42 - PHP Warning:  imagecopyresampled() expects parameter 1 to be resource, null given in C:\xampp\htdocs\shop368\system\library\image.php on line 118
2016-11-16 16:48:29 - PHP Notice:  Undefined variable: text_contact in C:\xampp\htdocs\shop368\catalog\view\theme\default\template\common\header.tpl on line 166
